Streaming transaction logs mentioning F6NKeaoPbchYnbcJZ5YSAqfMcHuP7GLExTuDK3qmgtgW. Confirmed commitment
Transaction executed in slot 5:
  Signature: 3R8BuXHeKrQmeTq6p6b9ZVqBMxrA17Kzjyp3yk58wGAtMKXs77v4wPHcgLE2N8yHdvdWAG9nxVVqQQpMgUARVVBQ
  Status: Ok
  Log Messages:
    Program F6NKeaoPbchYnbcJZ5YSAqfMcHuP7GLExTuDK3qmgtgW invoke [1]
    Program log: Instruction: Initialize
    Program 11111111111111111111111111111111 invoke [2]
    Program 11111111111111111111111111111111 success
    Program F6NKeaoPbchYnbcJZ5YSAqfMcHuP7GLExTuDK3qmgtgW consumed 11617 of 200000 compute units
    Program F6NKeaoPbchYnbcJZ5YSAqfMcHuP7GLExTuDK3qmgtgW success
Transaction executed in slot 6:
  Signature: 4kuQdXEDCdJqjpnBkspH3ooQu2ibWUjc45X5vYkMRGc6vVR7gnfdqL4gwXGGDUbcou5WcGDHd3Cn6JEbiskNAwDb
  Status: Ok
  Log Messages:
    Program F6NKeaoPbchYnbcJZ5YSAqfMcHuP7GLExTuDK3qmgtgW invoke [1]
    Program log: Instruction: Initialize
    Program 11111111111111111111111111111111 invoke [2]
    Program 11111111111111111111111111111111 success
    Program F6NKeaoPbchYnbcJZ5YSAqfMcHuP7GLExTuDK3qmgtgW consumed 9961 of 200000 compute units
    Program F6NKeaoPbchYnbcJZ5YSAqfMcHuP7GLExTuDK3qmgtgW success
Transaction executed in slot 7:
  Signature: 35mZCW6G74mYS1EvLTqgsEKktQ7pmugQtTpNjT1yE3oss2g5yLxjgTzbqyXEb7ZGV9KXFFBnjQjdWQFbeLKLTYJE
  Status: Ok
  Log Messages:
    Program F6NKeaoPbchYnbcJZ5YSAqfMcHuP7GLExTuDK3qmgtgW invoke [1]
    Program log: Instruction: Initialize
    Program 11111111111111111111111111111111 invoke [2]
    Program 11111111111111111111111111111111 success
    Program F6NKeaoPbchYnbcJZ5YSAqfMcHuP7GLExTuDK3qmgtgW consumed 11889 of 200000 compute units
    Program F6NKeaoPbchYnbcJZ5YSAqfMcHuP7GLExTuDK3qmgtgW success
Transaction executed in slot 8:
  Signature: RkYKsKr2V4S37p6UAdtWgVCsrZhUuzT93G5pqXDayLtPhYdh4u82SfxVBHEajX9wiNT5CHxQeBf9iCdzyi3nwU9
  Status: Ok
  Log Messages:
    Program F6NKeaoPbchYnbcJZ5YSAqfMcHuP7GLExTuDK3qmgtgW invoke [1]
    Program log: Instruction: Initialize
    Program 11111111111111111111111111111111 invoke [2]
    Program 11111111111111111111111111111111 success
    Program F6NKeaoPbchYnbcJZ5YSAqfMcHuP7GLExTuDK3qmgtgW consumed 12792 of 200000 compute units
    Program F6NKeaoPbchYnbcJZ5YSAqfMcHuP7GLExTuDK3qmgtgW success
Transaction executed in slot 9:
  Signature: 4Wp161CgwGXZgnP2wtGyrST5yjaFa5kiqSHc1YRSKK1n8rBCNeTRpcQiPPWkPo62e3oY3bghXKNQbXjbEApXnb1z
  Status: Ok
  Log Messages:
    Program F6NKeaoPbchYnbcJZ5YSAqfMcHuP7GLExTuDK3qmgtgW invoke [1]
    Program log: Instruction: Initialize
    Program 11111111111111111111111111111111 invoke [2]
    Program 11111111111111111111111111111111 success
    Program F6NKeaoPbchYnbcJZ5YSAqfMcHuP7GLExTuDK3qmgtgW consumed 12636 of 200000 compute units
    Program F6NKeaoPbchYnbcJZ5YSAqfMcHuP7GLExTuDK3qmgtgW success
Transaction executed in slot 10:
  Signature: 2RUcEH5YkstwNhKaEDadXNWBR2KZgkvNBk1iTrCNkf59XUEhCZ9ysQRjHSx1qVwUSubSSoJU6Vh2bjuaTCUbCk7f
  Status: Ok
  Log Messages:
    Program F6NKeaoPbchYnbcJZ5YSAqfMcHuP7GLExTuDK3qmgtgW invoke [1]
    Program log: Instruction: Initialize
    Program 11111111111111111111111111111111 invoke [2]
    Program 11111111111111111111111111111111 success
    Program F6NKeaoPbchYnbcJZ5YSAqfMcHuP7GLExTuDK3qmgtgW consumed 8680 of 200000 compute units
    Program F6NKeaoPbchYnbcJZ5YSAqfMcHuP7GLExTuDK3qmgtgW success
Transaction executed in slot 11:
  Signature: 3UTDQjQoaiUUskpGs5YDC7MdyNwUnfpKaGohbumB64jRRnKAWtkCwjHSHEpcEQ9w2vMjTKjru1bbPAHvPoFPiEPj
  Status: Ok
  Log Messages:
    Program F6NKeaoPbchYnbcJZ5YSAqfMcHuP7GLExTuDK3qmgtgW invoke [1]
    Program log: Instruction: Initialize
    Program 11111111111111111111111111111111 invoke [2]
    Program 11111111111111111111111111111111 success
    Program F6NKeaoPbchYnbcJZ5YSAqfMcHuP7GLExTuDK3qmgtgW consumed 10051 of 200000 compute units
    Program F6NKeaoPbchYnbcJZ5YSAqfMcHuP7GLExTuDK3qmgtgW success
Transaction executed in slot 13:
  Signature: 5237DFMyB5dqYTRtX1xnb4AAJSMYGXH4tpQtH86K7ykRTkUvJQJYGgNWoQffwVf1dd7buDoHdT1byDAfReSdtNXm
  Status: Ok
  Log Messages:
    Program F6NKeaoPbchYnbcJZ5YSAqfMcHuP7GLExTuDK3qmgtgW invoke [1]
    Program log: Instruction: Initialize
    Program 11111111111111111111111111111111 invoke [2]
    Program 11111111111111111111111111111111 success
    Program F6NKeaoPbchYnbcJZ5YSAqfMcHuP7GLExTuDK3qmgtgW consumed 14606 of 200000 compute units
    Program F6NKeaoPbchYnbcJZ5YSAqfMcHuP7GLExTuDK3qmgtgW success
Transaction executed in slot 15:
  Signature: 2LcxYB7YxNLXtymTUnbEmayjh9bgTSENKb84eVack4BrnuPeJfaCDjNXx9cPzrxpWoRq9SEWiz8ZbXjjCnR2mFk
  Status: Ok
  Log Messages:
    Program F6NKeaoPbchYnbcJZ5YSAqfMcHuP7GLExTuDK3qmgtgW invoke [1]
    Program log: Instruction: LikeTweet
    Program 11111111111111111111111111111111 invoke [2]
    Program 11111111111111111111111111111111 success
    Program F6NKeaoPbchYnbcJZ5YSAqfMcHuP7GLExTuDK3qmgtgW consumed 10550 of 200000 compute units
    Program F6NKeaoPbchYnbcJZ5YSAqfMcHuP7GLExTuDK3qmgtgW success
Transaction executed in slot 16:
  Signature: 2rGDyyY6rz4LKehgY5RBiPaLDTkX9zvRDy5F3VVZpiHH4jaH9s7AnG9fa41J3APac1esYbuRCnzBNxXMdNgL7ViD
  Status: Ok
  Log Messages:
    Program F6NKeaoPbchYnbcJZ5YSAqfMcHuP7GLExTuDK3qmgtgW invoke [1]
    Program log: Instruction: DislikeTweet
    Program 11111111111111111111111111111111 invoke [2]
    Program 11111111111111111111111111111111 success
    Program F6NKeaoPbchYnbcJZ5YSAqfMcHuP7GLExTuDK3qmgtgW consumed 8917 of 200000 compute units
    Program F6NKeaoPbchYnbcJZ5YSAqfMcHuP7GLExTuDK3qmgtgW success
Transaction executed in slot 17:
  Signature: fhhUajP2fbPu2awqADzsukPo8nE6wQK9Bok9nEBFXAu7XhsCMsHA61ZGR5HJ7ERsfiVV5P2xLn9ip3KrW5QkdGm
  Status: Ok
  Log Messages:
    Program F6NKeaoPbchYnbcJZ5YSAqfMcHuP7GLExTuDK3qmgtgW invoke [1]
    Program log: Instruction: LikeTweet
    Program 11111111111111111111111111111111 invoke [2]
    Program 11111111111111111111111111111111 success
    Program F6NKeaoPbchYnbcJZ5YSAqfMcHuP7GLExTuDK3qmgtgW consumed 10550 of 200000 compute units
    Program F6NKeaoPbchYnbcJZ5YSAqfMcHuP7GLExTuDK3qmgtgW success
Transaction executed in slot 18:
  Signature: 4VrbdQwaeML5QNTDut56qqHbasbH22SnczPLLjmyJkaooFL8PjzfhKjQKRWLApLFDYjCwaBAjYe6v8C1pirwnK8i
  Status: Ok
  Log Messages:
    Program F6NKeaoPbchYnbcJZ5YSAqfMcHuP7GLExTuDK3qmgtgW invoke [1]
    Program log: Instruction: ReactionRemove
    Program F6NKeaoPbchYnbcJZ5YSAqfMcHuP7GLExTuDK3qmgtgW consumed 3252 of 200000 compute units
    Program F6NKeaoPbchYnbcJZ5YSAqfMcHuP7GLExTuDK3qmgtgW success
Transaction executed in slot 19:
  Signature: 2RxuDyqWdfX86UBKMm967KrmuNWq3Wh4s6Tmp9DPAS55MqKCh3o87xHNLVuf6VdK7RCKcSG9AyLfZ11fKh8djLvq
  Status: Ok
  Log Messages:
    Program F6NKeaoPbchYnbcJZ5YSAqfMcHuP7GLExTuDK3qmgtgW invoke [1]
    Program log: Instruction: LikeTweet
    Program 11111111111111111111111111111111 invoke [2]
    Program 11111111111111111111111111111111 success
    Program F6NKeaoPbchYnbcJZ5YSAqfMcHuP7GLExTuDK3qmgtgW consumed 8914 of 200000 compute units
    Program F6NKeaoPbchYnbcJZ5YSAqfMcHuP7GLExTuDK3qmgtgW success
Transaction executed in slot 20:
  Signature: mYP4yWmXokvTuYGZAJDju8pWMMWqED8V9BszUxgUDwz6qGKJiBPr4MHStMSE6gb61yJAZHDyuDwwfKmSpsrTUCb
  Status: Ok
  Log Messages:
    Program F6NKeaoPbchYnbcJZ5YSAqfMcHuP7GLExTuDK3qmgtgW invoke [1]
    Program log: Instruction: CommentTweet
    Program 11111111111111111111111111111111 invoke [2]
    Program 11111111111111111111111111111111 success
    Program F6NKeaoPbchYnbcJZ5YSAqfMcHuP7GLExTuDK3qmgtgW consumed 9906 of 200000 compute units
    Program F6NKeaoPbchYnbcJZ5YSAqfMcHuP7GLExTuDK3qmgtgW success
Transaction executed in slot 21:
  Signature: 3t9XksKN57WKa1ca478jZkwvn1oG8h8RZwVvwVtbwRbZRv9HwKrGscnw5xjtKMhmPyJc6ekcPPJrYbLn2oZAoVBK
  Status: Ok
  Log Messages:
    Program F6NKeaoPbchYnbcJZ5YSAqfMcHuP7GLExTuDK3qmgtgW invoke [1]
    Program log: Instruction: CommentTweet
    Program 11111111111111111111111111111111 invoke [2]
    Program 11111111111111111111111111111111 success
    Program F6NKeaoPbchYnbcJZ5YSAqfMcHuP7GLExTuDK3qmgtgW consumed 15494 of 200000 compute units
    Program F6NKeaoPbchYnbcJZ5YSAqfMcHuP7GLExTuDK3qmgtgW success
Transaction executed in slot 22:
  Signature: 63vs6E1Y5AtAak3bKWVnZibQD8wSmGcd54xZPSSGUV7BeNpVbctmm9b2HeHA65qVVojggEAHTez9hWLLK2nRSPzx
  Status: Ok
  Log Messages:
    Program F6NKeaoPbchYnbcJZ5YSAqfMcHuP7GLExTuDK3qmgtgW invoke [1]
    Program log: Instruction: CommentTweet
    Program 11111111111111111111111111111111 invoke [2]
    Program 11111111111111111111111111111111 success
    Program F6NKeaoPbchYnbcJZ5YSAqfMcHuP7GLExTuDK3qmgtgW consumed 11097 of 200000 compute units
    Program F6NKeaoPbchYnbcJZ5YSAqfMcHuP7GLExTuDK3qmgtgW success
Transaction executed in slot 23:
  Signature: TYaW6BG7o8yxKV5EdknATfhh1Qm1Uj1fawUjZxJqojk8jYNxaJGHTxJA3mpMfhUZ6SXhAs5q4P2QhjvqUn7VURn
  Status: Ok
  Log Messages:
    Program F6NKeaoPbchYnbcJZ5YSAqfMcHuP7GLExTuDK3qmgtgW invoke [1]
    Program log: Instruction: CommentTweet
    Program 11111111111111111111111111111111 invoke [2]
    Program 11111111111111111111111111111111 success
    Program F6NKeaoPbchYnbcJZ5YSAqfMcHuP7GLExTuDK3qmgtgW consumed 10576 of 200000 compute units
    Program F6NKeaoPbchYnbcJZ5YSAqfMcHuP7GLExTuDK3qmgtgW success
Transaction executed in slot 24:
  Signature: 2LGkYiZFUSsKTgaEdxzDEYY3KkzznhVLWDD1RQrVUihpMaCYDtn41zpBonamkYnHBdJYTSsvSkBaP7NcTfKZ3g7W
  Status: Ok
  Log Messages:
    Program F6NKeaoPbchYnbcJZ5YSAqfMcHuP7GLExTuDK3qmgtgW invoke [1]
    Program log: Instruction: CommentTweet
    Program 11111111111111111111111111111111 invoke [2]
    Program 11111111111111111111111111111111 success
    Program F6NKeaoPbchYnbcJZ5YSAqfMcHuP7GLExTuDK3qmgtgW consumed 14425 of 200000 compute units
    Program F6NKeaoPbchYnbcJZ5YSAqfMcHuP7GLExTuDK3qmgtgW success
Transaction executed in slot 25:
  Signature: 5TqoFDq5Tu6dgwLQo34xwaHXTn93UDsQBrE2xU5tmPS6oNdm6gZ5997EJfkwL3Nx4SFVVhgJXCKg8YM1tKwVcQHs
  Status: Ok
  Log Messages:
    Program F6NKeaoPbchYnbcJZ5YSAqfMcHuP7GLExTuDK3qmgtgW invoke [1]
    Program log: Instruction: CommentRemove
    Program F6NKeaoPbchYnbcJZ5YSAqfMcHuP7GLExTuDK3qmgtgW consumed 1834 of 200000 compute units
    Program F6NKeaoPbchYnbcJZ5YSAqfMcHuP7GLExTuDK3qmgtgW success
Transaction executed in slot 26:
  Signature: 4bmTf11DrbCfByjt631Uj7dKBMxKXvi36i8BmPVH9Kxs3H2FDuE7UTm7yKev9zR3fH2QgN8JLLzQVu4eDZmfMXba
  Status: Ok
  Log Messages:
    Program F6NKeaoPbchYnbcJZ5YSAqfMcHuP7GLExTuDK3qmgtgW invoke [1]
    Program log: Instruction: CommentTweet
    Program 11111111111111111111111111111111 invoke [2]
    Program 11111111111111111111111111111111 success
    Program F6NKeaoPbchYnbcJZ5YSAqfMcHuP7GLExTuDK3qmgtgW consumed 9906 of 200000 compute units
    Program F6NKeaoPbchYnbcJZ5YSAqfMcHuP7GLExTuDK3qmgtgW success
Transaction executed in slot 27:
  Signature: 4YC33ZMAE7T3bDFtmwusJoPGoFJcGFamqxZyYdw4k4VwyX55ynLhEuh1NXtt8aNTqv9pLgewLdtMxj4tumigtRos
  Status: Ok
  Log Messages:
    Program F6NKeaoPbchYnbcJZ5YSAqfMcHuP7GLExTuDK3qmgtgW invoke [1]
    Program log: Instruction: DislikeTweet
    Program 11111111111111111111111111111111 invoke [2]
    Program 11111111111111111111111111111111 success
    Program F6NKeaoPbchYnbcJZ5YSAqfMcHuP7GLExTuDK3qmgtgW consumed 10553 of 200000 compute units
    Program F6NKeaoPbchYnbcJZ5YSAqfMcHuP7GLExTuDK3qmgtgW success
Transaction executed in slot 28:
  Signature: 4YnAzZC6HkB5b4kmDKRHEer2i5zDhbdaZv4Fs7BZf2Am78H7ndCRmHZ5rUtMpMrjvTGYVeQqeUufZixUmUfyqBAJ
  Status: Ok
  Log Messages:
    Program F6NKeaoPbchYnbcJZ5YSAqfMcHuP7GLExTuDK3qmgtgW invoke [1]
    Program log: Instruction: CommentTweet
    Program 11111111111111111111111111111111 invoke [2]
    Program 11111111111111111111111111111111 success
    Program F6NKeaoPbchYnbcJZ5YSAqfMcHuP7GLExTuDK3qmgtgW consumed 10060 of 200000 compute units
    Program F6NKeaoPbchYnbcJZ5YSAqfMcHuP7GLExTuDK3qmgtgW success
